[14:06:18] [main/INFO] (FabricLoader/GameProvider) Loading Minecraft 24w33a with Fabric Loader 0.16.2
[14:06:19] [main/INFO] (FabricLoader) Loading 51 mods:
	- fabric-api 0.102.2+1.21.2
	- fabric-api-base 0.4.43+1bb677a619
	- fabric-api-lookup-api-v1 1.6.69+1bb677a619
	- fabric-biome-api-v1 14.0.0+1bb677a619
	- fabric-block-api-v1 1.0.23+1bb677a619
	- fabric-block-view-api-v2 1.0.11+1bb677a619
	- fabric-blockrenderlayer-v1 1.1.53+1bb677a619
	- fabric-client-tags-api-v1 1.1.16+1bb677a619
	- fabric-command-api-v1 1.2.50+f71b366f19
	- fabric-command-api-v2 2.2.29+1bb677a619
	- fabric-commands-v0 0.2.67+df3654b319
	- fabric-content-registries-v0 9.0.0+1bb677a619
	- fabric-convention-tags-v1 2.0.21+7f945d5b19
	- fabric-convention-tags-v2 2.6.1+1bb677a619
	- fabric-crash-report-info-v1 0.2.30+1bb677a619
	- fabric-data-attachment-api-v1 1.1.28+1bb677a619
	- fabric-data-generation-api-v1 21.0.0+1bb677a619
	- fabric-dimensions-v1 4.0.1+1bb677a619
	- fabric-entity-events-v1 1.6.13+1bb677a619
	- fabric-events-interaction-v0 2.0.0+1bb677a619
	- fabric-game-rule-api-v1 1.0.54+1bb677a619
	- fabric-gametest-api-v1 2.0.5+1bb677a619
	- fabric-item-api-v1 11.0.1+1bb677a619
	- fabric-item-group-api-v1 4.1.5+1bb677a619
	- fabric-key-binding-api-v1 1.0.48+1bb677a619
	- fabric-keybindings-v0 0.2.46+df3654b319
	- fabric-lifecycle-events-v1 2.3.13+1bb677a619
	- fabric-loot-api-v2 3.0.15+3f89f5a519
	- fabric-loot-api-v3 1.0.3+1bb677a619
	- fabric-message-api-v1 6.0.14+1bb677a619
	- fabric-networking-api-v1 4.2.3+1bb677a619
	- fabric-object-builder-api-v1 16.0.0+1bb677a619
	- fabric-particles-v1 4.0.3+1bb677a619
	- fabric-recipe-api-v1 6.0.0+1bb677a619
	- fabric-registry-sync-v0 5.1.3+1bb677a619
	- fabric-rendering-data-attachment-v1 0.3.49+73761d2e19
	- fabric-rendering-fluids-v1 3.1.7+1bb677a619
	- fabric-rendering-v0 1.1.72+df3654b319
	- fabric-rendering-v1 5.0.6+1bb677a619
	- fabric-resource-conditions-api-v1 5.0.0+1bb677a619
	- fabric-resource-loader-v0 2.0.0+1bb677a619
	- fabric-screen-api-v1 2.0.26+1bb677a619
	- fabric-screen-handler-api-v1 1.3.87+1bb677a619
	- fabric-sound-api-v1 1.0.24+1bb677a619
	- fabric-transfer-api-v1 5.1.18+1bb677a619
	- fabric-transitive-access-wideners-v1 6.1.1+1bb677a619
	- fabricloader 0.16.2
	- java 21
	- minecraft 1.21.2-alpha.24.33.a
	- mixinextras 0.4.1
	- sm 1.0
[14:06:19] [main/INFO] (FabricLoader/Mixin) SpongePowered MIXIN Subsystem Version=0.8.7 Source=file:/E:/.gradle/caches/modules-2/files-2.1/net.fabricmc/sponge-mixin/0.15.2+mixin.0.8.7/2af2f021d8e02a0220dc27a7a72b4666d66d44ca/sponge-mixin-0.15.2+mixin.0.8.7.jar Service=Knot/Fabric Env=CLIENT
[14:06:19] [main/INFO] (FabricLoader/Mixin) Loaded Fabric development mappings for mixin remapper!
[14:06:19] [main/INFO] (FabricLoader/Mixin) Compatibility level set to JAVA_17
[14:06:19] [main/INFO] (FabricLoader/Mixin) Compatibility level set to JAVA_21
[14:06:22] [main/INFO] (FabricLoader/MixinExtras|Service) Initializing MixinExtras via com.llamalad7.mixinextras.service.MixinExtrasServiceImpl(version=0.4.1).
[14:06:24] [Datafixer Bootstrap/INFO] (Minecraft) 229 Datafixer optimizations took 570 milliseconds
[14:06:33] [Render thread/INFO] (Minecraft) Environment: Environment[sessionHost=https://sessionserver.mojang.com, servicesHost=https://api.minecraftservices.com, name=PROD]
[14:06:33] [Render thread/INFO] (Minecraft) Setting user: Player781
[14:06:35] [Render thread/INFO] (Minecraft) Backend library: LWJGL version 3.3.3-snapshot
[14:06:37] [Render thread/INFO] (Minecraft) Reloading ResourceManager: vanilla, fabric, fabric-api, fabric-api-base, fabric-api-lookup-api-v1, fabric-biome-api-v1, fabric-block-api-v1, fabric-block-view-api-v2, fabric-blockrenderlayer-v1, fabric-client-tags-api-v1, fabric-command-api-v1, fabric-command-api-v2, fabric-commands-v0, fabric-content-registries-v0, fabric-convention-tags-v1, fabric-convention-tags-v2, fabric-crash-report-info-v1, fabric-data-attachment-api-v1, fabric-data-generation-api-v1, fabric-dimensions-v1, fabric-entity-events-v1, fabric-events-interaction-v0, fabric-game-rule-api-v1, fabric-gametest-api-v1, fabric-item-api-v1, fabric-item-group-api-v1, fabric-key-binding-api-v1, fabric-keybindings-v0, fabric-lifecycle-events-v1, fabric-loot-api-v2, fabric-loot-api-v3, fabric-message-api-v1, fabric-networking-api-v1, fabric-object-builder-api-v1, fabric-particles-v1, fabric-recipe-api-v1, fabric-registry-sync-v0, fabric-rendering-data-attachment-v1, fabric-rendering-fluids-v1, fabric-rendering-v0, fabric-rendering-v1, fabric-resource-conditions-api-v1, fabric-resource-loader-v0, fabric-screen-api-v1, fabric-screen-handler-api-v1, fabric-sound-api-v1, fabric-transfer-api-v1, fabric-transitive-access-wideners-v1, fabricloader
[14:06:37] [Worker-Main-6/INFO] (Minecraft) Found unifont_jp_patch-15.1.05.hex, loading
[14:06:37] [Worker-Main-4/INFO] (Minecraft) Found unifont_all_no_pua-15.1.05.hex, loading
[14:06:38] [Render thread/WARN] (Minecraft) Missing sound for event: minecraft:item.goat_horn.play
[14:06:38] [Render thread/WARN] (Minecraft) Missing sound for event: minecraft:entity.goat.screaming.horn_break
[14:06:38] [Render thread/WARN] (Minecraft) Missing sound for event: minecraft:block.spawner.fall
[14:06:38] [Render thread/INFO] (Minecraft) OpenAL initialized on device OpenAL Soft on ÑïÉùÆ÷ (Realtek High Definition Audio)
[14:06:38] [Render thread/INFO] (Minecraft) Sound engine started
[14:06:39] [Render thread/INFO] (Minecraft) Created: 1024x512x4 minecraft:textures/atlas/blocks.png-atlas
[14:06:39] [Render thread/INFO] (Minecraft) Created: 256x256x4 minecraft:textures/atlas/signs.png-atlas
[14:06:39] [Render thread/INFO] (Minecraft) Created: 512x512x4 minecraft:textures/atlas/banner_patterns.png-atlas
[14:06:39] [Render thread/INFO] (Minecraft) Created: 512x512x4 minecraft:textures/atlas/shield_patterns.png-atlas
[14:06:39] [Render thread/INFO] (Minecraft) Created: 1024x1024x4 minecraft:textures/atlas/armor_trims.png-atlas
[14:06:41] [Render thread/INFO] (Minecraft) Created: 256x256x4 minecraft:textures/atlas/chest.png-atlas
[14:06:41] [Render thread/INFO] (Minecraft) Created: 128x64x4 minecraft:textures/atlas/decorated_pot.png-atlas
[14:06:41] [Render thread/INFO] (Minecraft) Created: 512x256x4 minecraft:textures/atlas/beds.png-atlas
[14:06:41] [Render thread/INFO] (Minecraft) Created: 512x256x4 minecraft:textures/atlas/shulker_boxes.png-atlas
[14:06:41] [Render thread/INFO] (Minecraft) Created: 64x64x0 minecraft:textures/atlas/map_decorations.png-atlas
[14:06:41] [Render thread/INFO] (Minecraft) Created: 512x256x0 minecraft:textures/atlas/particles.png-atlas
[14:06:42] [Render thread/INFO] (Minecraft) Created: 512x256x0 minecraft:textures/atlas/paintings.png-atlas
[14:06:42] [Render thread/INFO] (Minecraft) Created: 256x128x0 minecraft:textures/atlas/mob_effects.png-atlas
[14:06:42] [Render thread/INFO] (Minecraft) Created: 1024x512x0 minecraft:textures/atlas/gui.png-atlas
[14:06:42] [Render thread/WARN] (Minecraft) Shader rendertype_entity_translucent_emissive could not find sampler named Sampler2 in the specified shader program.
[14:07:13] [Render thread/INFO] (Minecraft) Loaded 1305 recipes
[14:07:13] [Render thread/INFO] (Minecraft) Loaded 1415 advancements
[14:07:13] [Render thread/INFO] (BiomeModificationImpl) Applied 0 biome modifications to 0 of 64 new biomes in 4.048 ms
[14:07:13] [Server thread/INFO] (Minecraft) Starting integrated minecraft server version 24w33a
[14:07:13] [Server thread/INFO] (Minecraft) Generating keypair
[14:07:15] [Server thread/INFO] (Minecraft) Preparing start region for dimension minecraft:overworld
[14:07:15] [Render thread/INFO] (Minecraft) Preparing spawn area: 0%
[14:07:16] [Render thread/INFO] (Minecraft) Preparing spawn area: 67%
[14:07:16] [Render thread/INFO] (Minecraft) Time elapsed: 682 ms
[14:07:16] [Server thread/INFO] (Minecraft) Changing view distance to 26, from 10
[14:07:16] [Server thread/INFO] (Minecraft) Changing simulation distance to 12, from 0
[14:07:18] [Server thread/INFO] (Minecraft) Player781[local:E:613c4c67] logged in with entity id 15 at (-21.107967841520416, 66.0, 17.850781299738784)
[14:07:18] [Server thread/INFO] (Minecraft) Player781 joined the game
[14:07:18] [Render thread/INFO] (Minecraft) Loaded 12 advancements
[14:07:45] [Server thread/INFO] (Minecraft) [Player781: Set the weather to clear]
[14:07:45] [Render thread/INFO] (Minecraft) [System] [CHAT] Set the weather to clear
[14:08:10] [Render thread/INFO] (Minecraft) [System] [CHAT] Gamerule minecartMaxSpeed is currently set to: 5
[14:08:32] [Server thread/INFO] (Minecraft) Saving and pausing game...
[14:08:32] [Server thread/INFO] (Minecraft) Saving chunks for level 'ServerLevel[New World]'/minecraft:overworld
[14:08:33] [Server thread/INFO] (Minecraft) Saving chunks for level 'ServerLevel[New World]'/minecraft:the_end
[14:08:33] [Server thread/INFO] (Minecraft) Saving chunks for level 'ServerLevel[New World]'/minecraft:the_nether
[14:10:01] [Render thread/INFO] (Minecraft) [System] [CHAT] Saved screenshot as 2024-08-20_14.10.01.png
[14:10:16] [Render thread/INFO] (Minecraft) [System] [CHAT] Gamerule minecartMaxSpeed is currently set to: 5
[14:10:36] [Server thread/INFO] (Minecraft) Saving and pausing game...
[14:10:36] [Server thread/INFO] (Minecraft) Saving chunks for level 'ServerLevel[New World]'/minecraft:overworld
[14:10:36] [Server thread/INFO] (Minecraft) Saving chunks for level 'ServerLevel[New World]'/minecraft:the_end
[14:10:36] [Server thread/INFO] (Minecraft) Saving chunks for level 'ServerLevel[New World]'/minecraft:the_nether
[14:10:41] [Render thread/INFO] (Minecraft) [System] [CHAT] Saved screenshot as 2024-08-20_14.10.41.png
[14:11:28] [Render thread/INFO] (Minecraft) Loaded 20 advancements
[14:13:59] [Server thread/INFO] (Minecraft) Saving and pausing game...
[14:13:59] [Server thread/INFO] (Minecraft) Saving chunks for level 'ServerLevel[New World]'/minecraft:overworld
[14:13:59] [Server thread/INFO] (Minecraft) Saving chunks for level 'ServerLevel[New World]'/minecraft:the_end
[14:13:59] [Server thread/INFO] (Minecraft) Saving chunks for level 'ServerLevel[New World]'/minecraft:the_nether
[14:15:15] [Server thread/INFO] (Minecraft) Saving and pausing game...
[14:15:15] [Server thread/INFO] (Minecraft) Saving chunks for level 'ServerLevel[New World]'/minecraft:overworld
[14:15:15] [Server thread/INFO] (Minecraft) Saving chunks for level 'ServerLevel[New World]'/minecraft:the_end
[14:15:15] [Server thread/INFO] (Minecraft) Saving chunks for level 'ServerLevel[New World]'/minecraft:the_nether
[14:17:17] [Render thread/INFO] (Minecraft) [System] [CHAT] Gamerule minecartMaxSpeed is currently set to: 5
[14:17:37] [Render thread/INFO] (Minecraft) [System] [CHAT] Now times: 100
[14:17:42] [Render thread/INFO] (Minecraft) [System] [CHAT] Now times: 1009
[14:18:50] [Server thread/INFO] (Minecraft) [Player781: Gave 1 [Minecart] to Player781]
[14:18:50] [Render thread/INFO] (Minecraft) [System] [CHAT] Gave 1 [Minecart] to Player781
[14:19:32] [Server thread/INFO] (Minecraft) Saving and pausing game...
[14:19:32] [Server thread/INFO] (Minecraft) Saving chunks for level 'ServerLevel[New World]'/minecraft:overworld
[14:19:32] [Server thread/INFO] (Minecraft) Saving chunks for level 'ServerLevel[New World]'/minecraft:the_end
[14:19:32] [Server thread/INFO] (Minecraft) Saving chunks for level 'ServerLevel[New World]'/minecraft:the_nether
[14:19:33] [Server thread/INFO] (Minecraft) Player781 lost connection: Disconnected
[14:19:33] [Server thread/INFO] (Minecraft) Player781 left the game
[14:19:34] [Server thread/INFO] (Minecraft) Stopping singleplayer server as player logged out
[14:19:34] [Server thread/INFO] (Minecraft) Stopping server
[14:19:34] [Server thread/INFO] (Minecraft) Saving players
[14:19:34] [Server thread/INFO] (Minecraft) Saving worlds
[14:19:34] [Server thread/INFO] (Minecraft) Saving chunks for level 'ServerLevel[New World]'/minecraft:overworld
[14:19:45] [Server thread/INFO] (Minecraft) Saving chunks for level 'ServerLevel[New World]'/minecraft:the_end
[14:19:45] [Server thread/INFO] (Minecraft) Saving chunks for level 'ServerLevel[New World]'/minecraft:the_nether
[14:19:45] [Server thread/INFO] (Minecraft) ThreadedAnvilChunkStorage (New World (1)): All chunks are saved
[14:19:45] [Server thread/INFO] (Minecraft) ThreadedAnvilChunkStorage (DIM1): All chunks are saved
[14:19:45] [Server thread/INFO] (Minecraft) ThreadedAnvilChunkStorage (DIM-1): All chunks are saved
[14:19:45] [Server thread/INFO] (Minecraft) ThreadedAnvilChunkStorage: All dimensions are saved
[14:30:52] [Render thread/INFO] (Minecraft) Stopping!
